* using log directory 'F:/rstudio/Mestimate.Rcheck'
* using R version 3.6.0 (2019-04-26)
* using platform: x86_64-w64-mingw32 (64-bit)
* using session charset: CP936
* using options '--no-manual --as-cran'
* checking for file 'Mestimate/DESCRIPTION' ... OK
* checking extension type ... Package
* this is package 'Mestimate' version '0.1.0'
* package encoding: UTF-8
* checking package namespace information ... OK
* checking package dependencies ... OK
* checking if this is a source package ... OK
* checking if there is a namespace ... OK
* checking for executable files ... OK
* checking for hidden files and directories ... OK
* checking for portable file names ... WARNING
Found the following file with a non-portable file name:
  generating pdf manual.R
These are not fully portable file names.
See section 'Package structure' in the 'Writing R Extensions' manual.
* checking whether package 'Mestimate' can be installed ... OK
* checking installed package size ... OK
* checking package directory ... OK
* checking for future file timestamps ... OK
* checking DESCRIPTION meta-information ... OK
* checking top-level files ... NOTE
Non-standard files/directories found at top level:
  'Mestimate.pdf' 'example_lcj.R' 'generating pdf manual.R'
* checking for left-over files ... OK
* checking index information ... OK
* checking package subdirectories ... OK
* checking R files for non-ASCII characters ... OK
* checking R files for syntax errors ... OK
* checking whether the package can be loaded ... OK
* checking whether the package can be loaded with stated dependencies ... OK
* checking whether the package can be unloaded cleanly ... OK
* checking whether the namespace can be loaded with stated dependencies ... OK
* checking whether the namespace can be unloaded cleanly ... OK
* checking dependencies in R code ... WARNING
'library' or 'require' calls not declared from:
  'caret' 'gbm' 'ggplot2' 'lattice'
'library' or 'require' calls in package code:
  'caret' 'gbm' 'ggplot2' 'lattice'
  Please use :: or requireNamespace() instead.
  See section 'Suggested packages' in the 'Writing R Extensions' manual.
* checking S3 generic/method consistency ... OK
* checking replacement functions ... OK
* checking foreign function calls ... OK
* checking R code for possible problems ... NOTE
Mestimate: no visible global function definition for 'data'
Mestimate: no visible binding for global variable 'metadata324'
Mestimate: no visible global function definition for 'na.omit'
Mestimate: no visible global function definition for 'gbm'
Mestimate: no visible global function definition for 'predict'
Undefined global functions or variables:
  data gbm metadata324 na.omit predict
Consider adding
  importFrom("stats", "na.omit", "predict")
  importFrom("utils", "data")
to your NAMESPACE file.

Found the following calls to data() loading into the global environment:
File 'Mestimate/R/Mestimate.R':
  data(metadata324)
参见'?data'里的'Good practice'章节
* checking Rd files ... OK
* checking Rd metadata ... OK
* checking Rd line widths ... OK
* checking Rd cross-references ... OK
* checking for missing documentation entries ... WARNING
Undocumented code objects:
  'metadata324' 'mydata'
Undocumented data sets:
  'metadata324' '.Random.seed' 'mydata'
All user-level objects in a package should have documentation entries.
See chapter 'Writing R documentation files' in the 'Writing R
Extensions' manual.
* checking for code/documentation mismatches ... OK
* checking Rd \usage sections ... OK
* checking Rd contents ... OK
* checking for unstated dependencies in examples ... OK
* checking contents of 'data' directory ... WARNING
Object named '.Random.seed' found in dataset: 'mydata'
Please remove it.
* checking data for non-ASCII characters ... OK
* checking data for ASCII and uncompressed saves ... OK
* checking examples ... OK
* DONE
Status: 4 WARNINGs, 2 NOTEs
